  uart_test.cpp
C:\Users\HP\Desktop\GPSreader\uart_test.cpp(38,13): warning C4244: “return”: 从“__int64”转换到“u1”，可能丢失数据
C:\Users\HP\Desktop\GPSreader\uart_test.cpp(88,9): warning C4244: “return”: 从“double”转换到“int”，可能丢失数据
C:\Users\HP\Desktop\GPSreader\uart_test.cpp(329,1): warning C4102: “END”: 未引用的标签
C:\Users\HP\Desktop\GPSreader\uart_test.cpp(272,13): warning C4101: “sum”: 未引用的局部变量
C:\Users\HP\Desktop\GPSreader\uart_test.cpp(272,18): warning C4101: “hour”: 未引用的局部变量
C:\Users\HP\Desktop\GPSreader\uart_test.cpp(276,7): warning C4101: “u1utc”: 未引用的局部变量
C:\Users\HP\Desktop\GPSreader\uart_test.cpp(272,24): warning C4101: “min”: 未引用的局部变量
C:\Users\HP\Desktop\GPSreader\uart_test.cpp(272,6): warning C4101: “check”: 未引用的局部变量
C:\Users\HP\Desktop\GPSreader\uart_test.cpp(272,29): warning C4101: “sec”: 未引用的局部变量
C:\Users\HP\Desktop\GPSreader\uart_test.cpp(368,10): warning C4473: “printf”: 没有为格式字符串传递足够的参数
      C:\Users\HP\Desktop\GPSreader\uart_test.cpp(368,10):
      占位符和其参数预计 1 可变参数，但提供的却是 0 参数
      C:\Users\HP\Desktop\GPSreader\uart_test.cpp(368,10):
      缺失的可变参数 1 为格式字符串“%s”所需
  
  正在生成代码
  1 of 13 functions ( 7.7%) were compiled, the rest were copied from previous compilation.
    0 functions were new in current compilation
    0 functions had inline decision re-evaluated but remain unchanged
  已完成代码的生成
  GPSreader.vcxproj -> C:\Users\HP\Desktop\GPSreader\x64\Release\GPSreader.exe
